FAIL ./count_coins.test.js
  Count Coins
    ✓ should return a number (3 ms)
    ✓ should return 1 for 1 cent
    ✕ should return 2 for 5 cents (5 ms)

  ● Count Coins › should return 2 for 5 cents

    expect(received).toEqual(expected) // deep equality

    Expected: 2
    Received: 1

      15 | 
      16 |   it('should return 2 for 5 cents', () => {
    > 17 |     expect(count_coins(5, coinsList)).toEqual(2);
         |                                       ^
      18 |   });
      19 | });
      20 | 

      at Object.<anonymous> (count_coins.test.js:17:39)

Test Suites: 1 failed, 1 total
Tests:       1 failed, 2 passed, 3 total
Snapshots:   0 total
Time:        1.587 s
Ran all test suites.
npm ERR! code ELIFECYCLE
npm ERR! errno 1
npm ERR! @ test: `jest --coverage`
npm ERR! Exit status 1
npm ERR! 
npm ERR! Failed at the @ test script.
npm ERR! This is probably not a problem with npm. There is likely additional logging output above.

npm ERR! A complete log of this run can be found in:
npm ERR!     /home/sandbox/.npm/_logs/2023-02-15T04_48_12_060Z-debug.log
